<?xml version="1.0" encoding="UTF-8"?>
<testsuite name="pathfinder.implTest.textInterface.TestTextInterfaceView" tests="2" skipped="0" failures="0" errors="0" timestamp="2019-11-15T06:59:37" hostname="Pemis-Mac.local" time="0.002">
  <properties/>
  <testcase name="testBlockingInputWithoutHandler" classname="pathfinder.implTest.textInterface.TestTextInterfaceView" time="0.001"/>
  <testcase name="testBeginWithoutHandler" classname="pathfinder.implTest.textInterface.TestTextInterfaceView" time="0.001"/>
  <system-out><![CDATA[]]></system-out>
  <system-err><![CDATA[]]></system-err>
</testsuite>
