<?xml version="1.0" encoding="UTF-8"?>
<testsuite name="pathfinder.implTest.datastructures.TestSegment" tests="3" skipped="0" failures="0" errors="0" timestamp="2019-11-15T06:59:37" hostname="Pemis-Mac.local" time="0.002">
  <properties/>
  <testcase name="testMakeSegment" classname="pathfinder.implTest.datastructures.TestSegment" time="0.0"/>
  <testcase name="testHashcodeConsistent" classname="pathfinder.implTest.datastructures.TestSegment" time="0.0"/>
  <testcase name="testEquals" classname="pathfinder.implTest.datastructures.TestSegment" time="0.0"/>
  <system-out><![CDATA[]]></system-out>
  <system-err><![CDATA[]]></system-err>
</testsuite>
